    1 C	//------------------------------------------------------------------------
    2 C	// Copyright (c) 2019, Christopher D. Farrar
    3 C	//------------------------------------------------------------------------
    4 C	// I here grant permission to any and all to copy and use this software for
    5 C	// any purpose as long as my copyright message is retained.
    6 C	//------------------------------------------------------------------------
    7  	#include <ez80.h>
    8  	#include <stdio.h>
    9 C	//------------------------------------------------------------------------
   10  	#include "cpmload.h"
   11  	#include "sdcard.h"
   12 C	//------------------------------------------------------------------------
   13  	int main()
   14  	{
   15  	    init_hw();
   16  	
   17 C	    /* Start CP/M */
   18  	    for ( ; ; )
   19  	    {
   20  	        startCpm();
   21  	    }
   22  	
   23  	    return 0;
   24  	}
   25 C	//------------------------------------------------------------------------
   26 C	
   27 C	
   28 C	
   29 C	
   30 C	
   31 C	
   32 C	
   33 C	
   34 C	
   35 C	
   36 C	
   37 C	
   38 C	
   39 C	
   40 C	
   41 C	
